<?xml version="1.0" encoding="UTF-8"?>
<!-- Generated by org.testng.reporters.JUnitReportReporter -->
<testsuite hostname="Arpit" failures="0" tests="1" name="m1.BasicSelenium.RadheRadhe" time="0.015" errors="0" timestamp="2023-10-21T01:46:44 IST" skipped="0">
  <testcase classname="m1.BasicSelenium.RadheRadhe" name="m3" time="0.015"/>
  <system-out/>
</testsuite> <!-- m1.BasicSelenium.RadheRadhe -->
