<?xml version="1.0" encoding="UTF-8"?>
<!-- Generated by org.testng.reporters.JUnitReportReporter -->
<testsuite hostname="Arpit" failures="0" tests="1" name="SeleniumBasicProgram.TestingParameter" time="5.817" errors="0" timestamp="2023-11-17T00:44:12 IST" skipped="0">
  <testcase classname="SeleniumBasicProgram.TestingParameter" name="amanTest" time="5.817"/>
  <system-out/>
</testsuite> <!-- SeleniumBasicProgram.TestingParameter -->
