<?xml version="1.0" encoding="UTF-8"?>
<!-- Generated by org.testng.reporters.JUnitReportReporter -->
<testsuite hostname="Arpit" failures="0" tests="1" name="m1.BasicSelenium.ThankyouGod" time="0.009" errors="0" timestamp="2023-10-20T22:18:11 IST" skipped="0">
  <testcase classname="m1.BasicSelenium.ThankyouGod" name="m2" time="0.009"/>
  <system-out/>
</testsuite> <!-- m1.BasicSelenium.ThankyouGod -->
