<?xml version="1.0" encoding="UTF-8"?>
<!-- Generated by org.testng.reporters.JUnitReportReporter -->
<testsuite hostname="Arpit" failures="0" tests="1" name="com.qatutorial.qa.testcase.Login" time="18.155" errors="0" timestamp="2023-11-16T23:23:08 IST" skipped="0">
  <testcase classname="com.qatutorial.qa.testcase.Login" name="loginWithValidCredentials" time="18.155"/>
  <system-out/>
</testsuite> <!-- com.qatutorial.qa.testcase.Login -->
